<?xml version="1.0" encoding="UTF-8"?>
<!-- Generated by org.testng.reporters.JUnitReportReporter -->
<testsuite hostname="DVA-F0L9N9R-L" name="com.vh.ui.tests.MedicalEquipmentTest" tests="3" failures="0" timestamp="18 May 2017 18:27:25 GMT" time="58.555" errors="0">
  <testcase name="AddMedicalEquipment" time="5.550" classname="com.vh.ui.tests.MedicalEquipmentTest"/>
  <testcase name="verify_MedicalEquipmentPage" time="3.175" classname="com.vh.ui.tests.MedicalEquipmentTest"/>
  <testcase name="verify_AddMedicalEquipmentPopup" time="49.830" classname="com.vh.ui.tests.MedicalEquipmentTest"/>
</testsuite> <!-- com.vh.ui.tests.MedicalEquipmentTest -->
