<?xml version="1.0" encoding="UTF-8"?>
<!-- Generated by org.testng.reporters.JUnitReportReporter -->
<testsuite hostname="DVA-F0L9N9R-L" name="com.vh.ui.tests.PatientNavigationTest" tests="2" failures="0" timestamp="12 Jul 2017 19:25:24 GMT" time="34.364" errors="0">
  <testcase name="verify_LeftNavigationPane" time="33.572" classname="com.vh.ui.tests.PatientNavigationTest"/>
  <testcase name="verify_RightInformationIconHover" time="0.792" classname="com.vh.ui.tests.PatientNavigationTest"/>
</testsuite> <!-- com.vh.ui.tests.PatientNavigationTest -->
