<?xml version="1.0" encoding="UTF-8"?>
<!-- Generated by org.testng.reporters.JUnitReportReporter -->
<testsuite hostname="WINDOWS-QR0QHM0" name="com.vh.ui.tests.MyTasksTest" tests="3" failures="0" timestamp="21 Jul 2017 03:11:34 GMT" time="190.424" errors="0">
  <testcase name="verify_MyTasksPage" time="8.215" classname="com.vh.ui.tests.MyTasksTest"/>
  <testcase name="addNewTask" time="60.873" classname="com.vh.ui.tests.MyTasksTest"/>
  <testcase name="verify_NewTaskPopUp" time="121.336" classname="com.vh.ui.tests.MyTasksTest"/>
</testsuite> <!-- com.vh.ui.tests.MyTasksTest -->
