<?xml version="1.0" encoding="UTF-8"?>
<!-- Generated by org.testng.reporters.JUnitReportReporter -->
<testsuite hostname="DVA-F0L9N9R-L" name="com.vh.ui.tests.CurrentLabsTest" tests="5" failures="0" timestamp="7 Jul 2017 20:10:21 GMT" time="252.503" errors="0">
  <testcase name="verify_CurrentLabsPage" time="1.904" classname="com.vh.ui.tests.CurrentLabsTest"/>
  <testcase name="verify_AddAddLabResultsPopupESRD" time="87.074" classname="com.vh.ui.tests.CurrentLabsTest"/>
  <testcase name="verify_AddPopupValidationCKD" time="45.446" classname="com.vh.ui.tests.CurrentLabsTest"/>
  <testcase name="verify_AddLabResultsPopupCKD" time="75.341" classname="com.vh.ui.tests.CurrentLabsTest"/>
  <testcase name="verify_AddPopupValidationESRD" time="42.738" classname="com.vh.ui.tests.CurrentLabsTest"/>
</testsuite> <!-- com.vh.ui.tests.CurrentLabsTest -->
