<?xml version="1.0" encoding="UTF-8"?>
<!-- Generated by org.testng.reporters.JUnitReportReporter -->
<testsuite hostname="DVA-F0L9N9R-L" name="com.vh.ui.tests.CurrentLabsTest" tests="2" failures="0" timestamp="10 Jul 2017 14:44:47 GMT" time="48.536" errors="0">
  <testcase name="verify_CurrentLabsPage" time="1.882" classname="com.vh.ui.tests.CurrentLabsTest"/>
  <testcase name="verify_AddPopupValidationCKD" time="46.654" classname="com.vh.ui.tests.CurrentLabsTest"/>
</testsuite> <!-- com.vh.ui.tests.CurrentLabsTest -->
