<?xml version="1.0" encoding="UTF-8"?>
<!-- Generated by org.testng.reporters.JUnitReportReporter -->
<testsuite hostname="DVA-F0L9N9R-L" name="com.vh.ui.tests.MedicalEquipmentTest" tests="5" failures="0" timestamp="13 Jun 2017 19:31:30 GMT" time="85.561" errors="0">
  <testcase name="verify_MedicalEquipmentPage" time="2.115" classname="com.vh.ui.tests.MedicalEquipmentTest"/>
  <testcase name="AddMedicalEquipment" time="8.224" classname="com.vh.ui.tests.MedicalEquipmentTest"/>
  <testcase name="verify_ColumnSorting" time="50.666" classname="com.vh.ui.tests.MedicalEquipmentTest"/>
  <testcase name="verify_EditableFields" time="4.425" classname="com.vh.ui.tests.MedicalEquipmentTest"/>
  <testcase name="verify_AddMedicalEquipmentPopup" time="20.131" classname="com.vh.ui.tests.MedicalEquipmentTest"/>
</testsuite> <!-- com.vh.ui.tests.MedicalEquipmentTest -->
