<?xml version="1.0" encoding="UTF-8"?>
<!-- Generated by org.testng.reporters.JUnitReportReporter -->
<testsuite hostname="DVA-F0L9N9R-L" name="com.vh.ui.tests.MedicalEquipmentTest" tests="3" failures="0" timestamp="17 May 2017 14:43:49 GMT" time="23.577" errors="0">
  <testcase name="verify_ColumnHeadersDisplayed" time="11.390" classname="com.vh.ui.tests.MedicalEquipmentTest"/>
  <testcase name="verify_PageDisplayed" time="2.591" classname="com.vh.ui.tests.MedicalEquipmentTest"/>
  <testcase name="verify_AddMedicalEquipment" time="9.596" classname="com.vh.ui.tests.MedicalEquipmentTest"/>
</testsuite> <!-- com.vh.ui.tests.MedicalEquipmentTest -->
