<?xml version="1.0" encoding="UTF-8"?>
<!-- Generated by org.testng.reporters.JUnitReportReporter -->
<testsuite hostname="DVA-F0L9N9R-L" name="com.vh.ui.tests.PatientNavigationTest" tests="1" failures="0" timestamp="6 Jul 2017 20:11:04 GMT" time="28.577" errors="0">
  <testcase name="verify_LeftNavigationPane" time="28.577" classname="com.vh.ui.tests.PatientNavigationTest"/>
</testsuite> <!-- com.vh.ui.tests.PatientNavigationTest -->
