<?xml version="1.0" encoding="UTF-8"?>
<!-- Generated by org.testng.reporters.JUnitReportReporter -->
<testsuite hostname="DVA-F0L9N9R-L" name="com.vh.ui.tests.CurrentLabsTest" tests="3" failures="0" timestamp="27 Jun 2017 19:28:29 GMT" time="24.526" errors="0">
  <testcase name="verify_CurrentLabsPage" time="0.494" classname="com.vh.ui.tests.CurrentLabsTest"/>
  <testcase name="verify_AddAddLabResultsPopup" time="20.792" classname="com.vh.ui.tests.CurrentLabsTest"/>
  <testcase name="verify_AddLabs" time="3.240" classname="com.vh.ui.tests.CurrentLabsTest"/>
</testsuite> <!-- com.vh.ui.tests.CurrentLabsTest -->
