<?xml version="1.0" encoding="UTF-8"?>
<!-- Generated by org.testng.reporters.JUnitReportReporter -->
<testsuite hostname="DVA-F0L9N9R-L" name="com.vh.ui.tests.MedicalEquipmentTest" tests="3" failures="0" timestamp="17 May 2017 17:34:14 GMT" time="14.834" errors="0">
  <testcase name="verify_ColumnHeadersDisplayed" time="1.997" classname="com.vh.ui.tests.MedicalEquipmentTest"/>
  <testcase name="verify_AddMedicalEquipment" time="12.419" classname="com.vh.ui.tests.MedicalEquipmentTest"/>
  <testcase name="verify_PageDisplayed" time="0.418" classname="com.vh.ui.tests.MedicalEquipmentTest"/>
</testsuite> <!-- com.vh.ui.tests.MedicalEquipmentTest -->
