<?xml version="1.0" encoding="UTF-8"?>
<!-- Generated by org.testng.reporters.JUnitReportReporter -->
<testsuite hostname="DVA-F0L9N9R-L" name="com.vh.ui.tests.MedicalEquipmentTest" tests="4" failures="0" timestamp="7 Jun 2017 12:38:18 GMT" time="13.160" errors="0">
  <testcase name="verify_EditableFields" time="0.008" classname="com.vh.ui.tests.MedicalEquipmentTest"/>
  <testcase name="verify_AddMedicalEquipmentPopup" time="7.940" classname="com.vh.ui.tests.MedicalEquipmentTest"/>
  <testcase name="verify_MedicalEquipmentPage" time="1.136" classname="com.vh.ui.tests.MedicalEquipmentTest"/>
  <testcase name="AddMedicalEquipment" time="4.076" classname="com.vh.ui.tests.MedicalEquipmentTest"/>
</testsuite> <!-- com.vh.ui.tests.MedicalEquipmentTest -->
