<?xml version="1.0" encoding="UTF-8"?>
<!-- Generated by org.testng.reporters.JUnitReportReporter -->
<testsuite hostname="DVA-F0L9N9R-L" name="com.vh.ui.tests.PatientNavigationTest" tests="1" failures="0" timestamp="30 Jun 2017 16:18:56 GMT" time="8.213" errors="0">
  <testcase name="verify_LeftNavigationPane" time="8.213" classname="com.vh.ui.tests.PatientNavigationTest"/>
</testsuite> <!-- com.vh.ui.tests.PatientNavigationTest -->
