<?xml version="1.0" encoding="UTF-8"?>
<!-- Generated by org.testng.reporters.JUnitReportReporter -->
<testsuite hostname="DVA-F0L9N9R-L" name="com.vh.ui.tests.CurrentLabsTest" tests="5" failures="0" timestamp="6 Jul 2017 20:16:36 GMT" time="223.779" errors="0">
  <testcase name="verify_CurrentLabsPage" time="2.123" classname="com.vh.ui.tests.CurrentLabsTest"/>
  <testcase name="verify_AddLabResultsPopupCKD" time="73.485" classname="com.vh.ui.tests.CurrentLabsTest"/>
  <testcase name="verify_AddPopupValidationESRD" time="33.146" classname="com.vh.ui.tests.CurrentLabsTest"/>
  <testcase name="verify_AddAddLabResultsPopupESRD" time="78.968" classname="com.vh.ui.tests.CurrentLabsTest"/>
  <testcase name="verify_AddPopupValidationCKD" time="36.057" classname="com.vh.ui.tests.CurrentLabsTest"/>
</testsuite> <!-- com.vh.ui.tests.CurrentLabsTest -->
