<?xml version="1.0" encoding="UTF-8"?>
<!-- Generated by org.testng.reporters.JUnitReportReporter -->
<testsuite hostname="DVA-F0L9N9R-L" name="com.vh.ui.tests.MedicalEquipmentTest" tests="3" failures="0" timestamp="31 May 2017 16:38:55 GMT" time="34.366" errors="0">
  <testcase name="verify_MedicalEquipmentPage" time="2.025" classname="com.vh.ui.tests.MedicalEquipmentTest"/>
  <testcase name="verify_AddMedicalEquipmentPopup" time="8.021" classname="com.vh.ui.tests.MedicalEquipmentTest"/>
  <testcase name="AddMedicalEquipment" time="24.320" classname="com.vh.ui.tests.MedicalEquipmentTest"/>
</testsuite> <!-- com.vh.ui.tests.MedicalEquipmentTest -->
