<?xml version="1.0" encoding="UTF-8"?>
<!-- Generated by org.testng.reporters.JUnitReportReporter -->
<testsuite hostname="DVA-F0L9N9R-L" name="com.vh.ui.tests.LoginTest" tests="3" failures="0" timestamp="29 Mar 2017 13:35:48 GMT" time="91.756" errors="0">
  <testcase name="verify_InvalidUserName" time="31.838" classname="com.vh.ui.tests.LoginTest"/>
  <testcase name="verify_InvalidPassword" time="16.565" classname="com.vh.ui.tests.LoginTest"/>
  <testcase name="verify_SuccessfulLogin" time="43.353" classname="com.vh.ui.tests.LoginTest"/>
</testsuite> <!-- com.vh.ui.tests.LoginTest -->
