<?xml version="1.0" encoding="UTF-8"?>
<!-- Generated by org.testng.reporters.JUnitReportReporter -->
<testsuite hostname="DVA-F0L9N9R-L" name="com.vh.ui.tests.MyTasksTest" tests="1" failures="0" timestamp="28 Jun 2017 17:31:03 GMT" time="28.317" errors="0">
  <testcase name="verify_MyTasksPage" time="28.317" classname="com.vh.ui.tests.MyTasksTest"/>
</testsuite> <!-- com.vh.ui.tests.MyTasksTest -->
