<?xml version="1.0" encoding="UTF-8"?>
<!-- Generated by org.testng.reporters.JUnitReportReporter -->
<testsuite hostname="DVA-F0L9N9R-L" name="com.vh.ui.tests.CurrentLabsTest" tests="2" failures="0" timestamp="11 Jul 2017 20:40:31 GMT" time="87.650" errors="0">
  <testcase name="verify_AddingLabs" time="48.532" classname="com.vh.ui.tests.CurrentLabsTest"/>
  <testcase name="verify_AddingLabs" time="39.118" classname="com.vh.ui.tests.CurrentLabsTest"/>
</testsuite> <!-- com.vh.ui.tests.CurrentLabsTest -->
