<?xml version="1.0" encoding="UTF-8"?>
<!-- Generated by org.testng.reporters.JUnitReportReporter -->
<testsuite hostname="WINDOWS-QR0QHM0" name="com.vh.ui.tests.LoginTest" tests="1" failures="0" timestamp="9 Jan 2017 20:05:35 GMT" time="146.019" errors="0">
  <testcase name="verify_SuccessfulLogin" time="146.019" classname="com.vh.ui.tests.LoginTest"/>
</testsuite> <!-- com.vh.ui.tests.LoginTest -->
