<?xml version="1.0" encoding="UTF-8"?>
<!-- Generated by org.testng.reporters.JUnitReportReporter -->
<testsuite hostname="DVA-F0L9N9R-L" name="com.vh.ui.tests.CurrentLabsTest" tests="5" failures="0" timestamp="29 Jun 2017 14:57:54 GMT" time="145.018" errors="0">
  <testcase name="verify_AddAddLabResultsPopupESRD" time="42.896" classname="com.vh.ui.tests.CurrentLabsTest"/>
  <testcase name="verify_AddPopupValidationESRD" time="30.487" classname="com.vh.ui.tests.CurrentLabsTest"/>
  <testcase name="verify_AddLabResultsPopupCKD" time="38.371" classname="com.vh.ui.tests.CurrentLabsTest"/>
  <testcase name="verify_AddPopupValidationCKD" time="32.608" classname="com.vh.ui.tests.CurrentLabsTest"/>
  <testcase name="verify_CurrentLabsPage" time="0.656" classname="com.vh.ui.tests.CurrentLabsTest"/>
</testsuite> <!-- com.vh.ui.tests.CurrentLabsTest -->
