<?xml version="1.0" encoding="UTF-8"?>
<!-- Generated by org.testng.reporters.JUnitReportReporter -->
<testsuite hostname="DVA-F0L9N9R-L" name="com.vh.ui.tests.MedicalEquipmentTest" tests="4" failures="0" timestamp="7 Jun 2017 14:03:04 GMT" time="18.442" errors="0">
  <testcase name="verify_EditableFields" time="1.023" classname="com.vh.ui.tests.MedicalEquipmentTest"/>
  <testcase name="AddMedicalEquipment" time="7.405" classname="com.vh.ui.tests.MedicalEquipmentTest"/>
  <testcase name="verify_MedicalEquipmentPage" time="1.544" classname="com.vh.ui.tests.MedicalEquipmentTest"/>
  <testcase name="verify_AddMedicalEquipmentPopup" time="8.470" classname="com.vh.ui.tests.MedicalEquipmentTest"/>
</testsuite> <!-- com.vh.ui.tests.MedicalEquipmentTest -->
