<?xml version="1.0" encoding="UTF-8"?>
<!-- Generated by org.testng.reporters.JUnitReportReporter -->
<testsuite hostname="DVA-F0L9N9R-L" name="com.vh.ui.tests.LoginTest" tests="3" failures="0" timestamp="28 Mar 2017 17:56:48 GMT" time="147.372" errors="0">
  <testcase name="verify_InvalidUserName" time="33.497" classname="com.vh.ui.tests.LoginTest"/>
  <testcase name="verify_InvalidPassword" time="32.619" classname="com.vh.ui.tests.LoginTest"/>
  <testcase name="verify_SuccessfulLogin" time="81.256" classname="com.vh.ui.tests.LoginTest"/>
</testsuite> <!-- com.vh.ui.tests.LoginTest -->
