<?xml version="1.0" encoding="UTF-8"?>
<!-- Generated by org.testng.reporters.JUnitReportReporter -->
<testsuite hostname="DVA-F0L9N9R-L" name="com.vh.ui.tests.UnitTest" tests="1" failures="0" timestamp="30 Mar 2017 12:53:59 GMT" time="75.110" errors="0">
  <testcase name="verify_MenuBar_Options" time="75.110" classname="com.vh.ui.tests.UnitTest"/>
</testsuite> <!-- com.vh.ui.tests.UnitTest -->
