<?xml version="1.0" encoding="UTF-8"?>
<!-- Generated by org.testng.reporters.JUnitReportReporter -->
<testsuite hostname="WINDOWS-QR0QHM0" name="com.vh.ui.tests.Login_LogoutTest" tests="5" failures="0" timestamp="30 Nov 2016 19:27:27 GMT" time="39.325" errors="0">
  <testcase name="verifyUserNameTextField" time="0.353" classname="com.vh.ui.tests.Login_LogoutTest"/>
  <testcase name="validateLogin" time="2.658" classname="com.vh.ui.tests.Login_LogoutTest"/>
  <testcase name="verifyPasswordTextField" time="0.146" classname="com.vh.ui.tests.Login_LogoutTest"/>
  <testcase name="launchApplication" time="36.035" classname="com.vh.ui.tests.Login_LogoutTest"/>
  <testcase name="verifyTokenTextField" time="0.133" classname="com.vh.ui.tests.Login_LogoutTest"/>
</testsuite> <!-- com.vh.ui.tests.Login_LogoutTest -->
