<?xml version="1.0" encoding="UTF-8"?>
<!-- Generated by org.testng.reporters.JUnitReportReporter -->
<testsuite hostname="DVA-F0L9N9R-L" name="com.vh.ui.tests.MedicalEquipmentTest" tests="3" failures="0" timestamp="18 May 2017 13:21:57 GMT" time="23.086" errors="0">
  <testcase name="verify_PageDisplayed" time="0.405" classname="com.vh.ui.tests.MedicalEquipmentTest"/>
  <testcase name="verify_AddMedicalEquipment" time="20.749" classname="com.vh.ui.tests.MedicalEquipmentTest"/>
  <testcase name="verify_ColumnHeadersDisplayed" time="1.932" classname="com.vh.ui.tests.MedicalEquipmentTest"/>
</testsuite> <!-- com.vh.ui.tests.MedicalEquipmentTest -->
