<?xml version="1.0" encoding="UTF-8"?>
<!-- Generated by org.testng.reporters.JUnitReportReporter -->
<testsuite hostname="DVA-F0L9N9R-L" name="com.vh.ui.tests.PatientNavigationTest" tests="1" failures="0" timestamp="5 Jul 2017 16:17:07 GMT" time="24.878" errors="0">
  <testcase name="verify_LeftNavigationPane" time="24.878" classname="com.vh.ui.tests.PatientNavigationTest"/>
</testsuite> <!-- com.vh.ui.tests.PatientNavigationTest -->
