<?xml version="1.0" encoding="UTF-8"?>
<!-- Generated by org.testng.reporters.JUnitReportReporter -->
<testsuite hostname="DVA-F0L9N9R-L" name="com.vh.ui.tests.CurrentLabsTest" tests="2" failures="0" timestamp="26 Jun 2017 19:44:02 GMT" time="51.598" errors="0">
  <testcase name="verify_CurrentLabsPage" time="2.136" classname="com.vh.ui.tests.CurrentLabsTest"/>
  <testcase name="verify_AddAddLabResultsPopup" time="49.462" classname="com.vh.ui.tests.CurrentLabsTest"/>
</testsuite> <!-- com.vh.ui.tests.CurrentLabsTest -->
