<?xml version="1.0" encoding="UTF-8"?>
<!-- Generated by org.testng.reporters.JUnitReportReporter -->
<testsuite hostname="DVA-F0L9N9R-L" name="com.vh.ui.tests.MedicalEquipmentTest" tests="5" failures="0" timestamp="21 Jun 2017 13:59:53 GMT" time="67.347" errors="0">
  <testcase name="AddMedicalEquipment" time="4.620" classname="com.vh.ui.tests.MedicalEquipmentTest"/>
  <testcase name="verify_AddMedicalEquipmentPopup" time="19.255" classname="com.vh.ui.tests.MedicalEquipmentTest"/>
  <testcase name="verify_MedicalEquipmentPage" time="2.037" classname="com.vh.ui.tests.MedicalEquipmentTest"/>
  <testcase name="verify_EditableFields" time="4.253" classname="com.vh.ui.tests.MedicalEquipmentTest"/>
  <testcase name="verify_ColumnSorting" time="37.182" classname="com.vh.ui.tests.MedicalEquipmentTest"/>
</testsuite> <!-- com.vh.ui.tests.MedicalEquipmentTest -->
