<?xml version="1.0" encoding="UTF-8"?>
<!-- Generated by org.testng.reporters.JUnitReportReporter -->
<testsuite hostname="DVA-F0L9N9R-L" name="com.vh.ui.tests.MedicalEquipmentTest" tests="5" failures="0" timestamp="8 Jun 2017 18:46:18 GMT" time="58.662" errors="0">
  <testcase name="verify_EditableFields" time="3.036" classname="com.vh.ui.tests.MedicalEquipmentTest"/>
  <testcase name="verify_ColumnSorting" time="30.509" classname="com.vh.ui.tests.MedicalEquipmentTest"/>
  <testcase name="verify_MedicalEquipmentPage" time="1.998" classname="com.vh.ui.tests.MedicalEquipmentTest"/>
  <testcase name="AddMedicalEquipment" time="10.497" classname="com.vh.ui.tests.MedicalEquipmentTest"/>
  <testcase name="verify_AddMedicalEquipmentPopup" time="12.622" classname="com.vh.ui.tests.MedicalEquipmentTest"/>
</testsuite> <!-- com.vh.ui.tests.MedicalEquipmentTest -->
