<?xml version="1.0" encoding="UTF-8"?>
<!-- Generated by org.testng.reporters.JUnitReportReporter -->
<testsuite hostname="DVA-F0L9N9R-L" name="com.vh.ui.tests.LoginTest" tests="3" failures="0" timestamp="27 Mar 2017 22:31:01 GMT" time="290.414" errors="0">
  <testcase name="verify_InvalidUserName" time="24.169" classname="com.vh.ui.tests.LoginTest"/>
  <testcase name="verify_SuccessfulLogin" time="228.807" classname="com.vh.ui.tests.LoginTest"/>
  <testcase name="verify_InvalidPassword" time="37.438" classname="com.vh.ui.tests.LoginTest"/>
</testsuite> <!-- com.vh.ui.tests.LoginTest -->
