<?xml version="1.0" encoding="UTF-8"?>
<!-- Generated by org.testng.reporters.JUnitReportReporter -->
<testsuite hostname="DVA-F0L9N9R-L" name="com.vh.ui.tests.LoginTest" tests="3" failures="0" timestamp="30 Mar 2017 13:01:51 GMT" time="80.788" errors="0">
  <testcase name="verify_InvalidPassword" time="15.872" classname="com.vh.ui.tests.LoginTest"/>
  <testcase name="verify_InvalidUserName" time="23.427" classname="com.vh.ui.tests.LoginTest"/>
  <testcase name="verify_SuccessfulLogin" time="41.489" classname="com.vh.ui.tests.LoginTest"/>
</testsuite> <!-- com.vh.ui.tests.LoginTest -->
