<?xml version="1.0" encoding="UTF-8"?>
<!-- Generated by org.testng.reporters.JUnitReportReporter -->
<testsuite hostname="DVA-F0L9N9R-L" name="com.vh.ui.tests.MedicalEquipmentTest" tests="2" failures="0" timestamp="17 May 2017 13:50:43 GMT" time="12.895" errors="0">
  <testcase name="verify_ColumnHeadersDisplayed" time="1.805" classname="com.vh.ui.tests.MedicalEquipmentTest"/>
  <testcase name="verify_PageDisplayed" time="11.090" classname="com.vh.ui.tests.MedicalEquipmentTest"/>
</testsuite> <!-- com.vh.ui.tests.MedicalEquipmentTest -->
