<?xml version="1.0" encoding="UTF-8"?>
<!-- Generated by org.testng.reporters.JUnitReportReporter -->
<testsuite hostname="DVA-F0L9N9R-L" name="com.vh.ui.tests.LoginTest" tests="3" failures="0" timestamp="28 Mar 2017 16:38:19 GMT" time="86.476" errors="0">
  <testcase name="verify_InvalidPassword" time="28.841" classname="com.vh.ui.tests.LoginTest"/>
  <testcase name="verify_InvalidUserName" time="20.874" classname="com.vh.ui.tests.LoginTest"/>
  <testcase name="verify_SuccessfulLogin" time="36.761" classname="com.vh.ui.tests.LoginTest"/>
</testsuite> <!-- com.vh.ui.tests.LoginTest -->
