<?xml version="1.0" encoding="UTF-8"?>
<!-- Generated by org.testng.reporters.JUnitReportReporter -->
<testsuite hostname="DVA-F0L9N9R-L" name="com.vh.ui.tests.MedicalEquipmentTest" tests="5" failures="0" timestamp="20 Jun 2017 14:10:03 GMT" time="107.386" errors="0">
  <testcase name="verify_MedicalEquipmentPage" time="1.959" classname="com.vh.ui.tests.MedicalEquipmentTest"/>
  <testcase name="AddMedicalEquipment" time="13.984" classname="com.vh.ui.tests.MedicalEquipmentTest"/>
  <testcase name="verify_ColumnSorting" time="69.493" classname="com.vh.ui.tests.MedicalEquipmentTest"/>
  <testcase name="verify_AddMedicalEquipmentPopup" time="17.852" classname="com.vh.ui.tests.MedicalEquipmentTest"/>
  <testcase name="verify_EditableFields" time="4.098" classname="com.vh.ui.tests.MedicalEquipmentTest"/>
</testsuite> <!-- com.vh.ui.tests.MedicalEquipmentTest -->
