<?xml version="1.0" encoding="UTF-8"?>
<!-- Generated by org.testng.reporters.JUnitReportReporter -->
<testsuite hostname="WINDOWS-QR0QHM0" name="com.vh.ui.tests.CreateNewPatientTest" tests="1" failures="0" timestamp="11 Jan 2017 20:41:38 GMT" time="122.425" errors="0">
  <testcase name="navigateToMenu" time="122.425" classname="com.vh.ui.tests.CreateNewPatientTest"/>
</testsuite> <!-- com.vh.ui.tests.CreateNewPatientTest -->
