<?xml version="1.0" encoding="UTF-8"?>
<!-- Generated by org.testng.reporters.JUnitReportReporter -->
<testsuite hostname="DVA-F0L9N9R-L" name="com.vh.ui.tests.CurrentLabsTest" tests="2" failures="0" timestamp="19 Jun 2017 18:40:22 GMT" time="4.571" errors="0">
  <testcase name="verify_CurrentLabsPage" time="0.825" classname="com.vh.ui.tests.CurrentLabsTest"/>
  <testcase name="verify_AddAddLabResultsPopup" time="3.746" classname="com.vh.ui.tests.CurrentLabsTest"/>
</testsuite> <!-- com.vh.ui.tests.CurrentLabsTest -->
