<?xml version="1.0" encoding="UTF-8"?>
<!-- Generated by org.testng.reporters.JUnitReportReporter -->
<testsuite hostname="DVA-F0L9N9R-L" name="com.vh.ui.tests.CurrentLabsTest" tests="5" failures="0" timestamp="29 Jun 2017 14:26:56 GMT" time="146.048" errors="0">
  <testcase name="verify_AddAddLabResultsPopupESRD" time="41.121" classname="com.vh.ui.tests.CurrentLabsTest"/>
  <testcase name="verify_AddPopupValidationESRD" time="29.183" classname="com.vh.ui.tests.CurrentLabsTest"/>
  <testcase name="verify_CurrentLabsPage" time="0.675" classname="com.vh.ui.tests.CurrentLabsTest"/>
  <testcase name="verify_AddPopupValidationCKD" time="31.257" classname="com.vh.ui.tests.CurrentLabsTest"/>
  <testcase name="verify_AddLabResultsPopupCKD" time="43.812" classname="com.vh.ui.tests.CurrentLabsTest"/>
</testsuite> <!-- com.vh.ui.tests.CurrentLabsTest -->
