<?xml version="1.0" encoding="UTF-8"?>
<!-- Generated by org.testng.reporters.JUnitReportReporter -->
<testsuite hostname="DVA-F0L9N9R-L" name="com.vh.ui.tests.LoginTest" tests="3" failures="0" timestamp="24 Mar 2017 19:12:06 GMT" time="69.036" errors="0">
  <testcase name="verify_InvalidUserName" time="22.009" classname="com.vh.ui.tests.LoginTest"/>
  <testcase name="verify_InvalidPassword" time="29.721" classname="com.vh.ui.tests.LoginTest"/>
  <testcase name="verify_SuccessfulLogin" time="17.306" classname="com.vh.ui.tests.LoginTest"/>
</testsuite> <!-- com.vh.ui.tests.LoginTest -->
