<?xml version="1.0" encoding="UTF-8"?>
<!-- Generated by org.testng.reporters.JUnitReportReporter -->
<testsuite hostname="DVA-F0L9N9R-L" name="com.vh.ui.tests.MedicalEquipmentTest" tests="5" failures="0" timestamp="6 Jul 2017 19:24:32 GMT" time="123.329" errors="0">
  <testcase name="verify_MedicalEquipmentPage" time="7.488" classname="com.vh.ui.tests.MedicalEquipmentTest"/>
  <testcase name="verify_AddMedicalEquipment" time="10.790" classname="com.vh.ui.tests.MedicalEquipmentTest"/>
  <testcase name="verify_AddMedicalEquipmentPopup" time="39.203" classname="com.vh.ui.tests.MedicalEquipmentTest"/>
  <testcase name="verify_EditableFields" time="4.011" classname="com.vh.ui.tests.MedicalEquipmentTest"/>
  <testcase name="verify_ColumnSorting" time="61.837" classname="com.vh.ui.tests.MedicalEquipmentTest"/>
</testsuite> <!-- com.vh.ui.tests.MedicalEquipmentTest -->
