<?xml version="1.0" encoding="UTF-8"?>
<!-- Generated by org.testng.reporters.JUnitReportReporter -->
<testsuite hostname="DVA-F0L9N9R-L" name="com.vh.ui.tests.UnitTest" tests="1" failures="0" timestamp="29 Mar 2017 14:45:30 GMT" time="68.319" errors="0">
  <testcase name="verify_MenuBar_Options" time="68.319" classname="com.vh.ui.tests.UnitTest"/>
</testsuite> <!-- com.vh.ui.tests.UnitTest -->
