<?xml version="1.0" encoding="UTF-8"?>
<!-- Generated by org.testng.reporters.JUnitReportReporter -->
<testsuite hostname="DVA-F0L9N9R-L" name="com.vh.ui.tests.MedicalEquipmentTest" tests="3" failures="0" timestamp="17 May 2017 19:55:14 GMT" time="17.045" errors="0">
  <testcase name="verify_AddMedicalEquipment" time="14.625" classname="com.vh.ui.tests.MedicalEquipmentTest"/>
  <testcase name="verify_ColumnHeadersDisplayed" time="1.961" classname="com.vh.ui.tests.MedicalEquipmentTest"/>
  <testcase name="verify_PageDisplayed" time="0.459" classname="com.vh.ui.tests.MedicalEquipmentTest"/>
</testsuite> <!-- com.vh.ui.tests.MedicalEquipmentTest -->
