<?xml version="1.0" encoding="UTF-8"?>
<!-- Generated by org.testng.reporters.JUnitReportReporter -->
<testsuite hostname="DVA-F0L9N9R-L" name="com.vh.ui.tests.CurrentLabsTest" tests="1" failures="0" timestamp="26 Jul 2017 18:24:58 GMT" time="48.760" errors="0">
  <testcase name="verify_AddingLabs" time="48.760" classname="com.vh.ui.tests.CurrentLabsTest"/>
</testsuite> <!-- com.vh.ui.tests.CurrentLabsTest -->
