<?xml version="1.0" encoding="UTF-8"?>
<!-- Generated by org.testng.reporters.JUnitReportReporter -->
<testsuite hostname="DVA-F0L9N9R-L" name="com.vh.ui.tests.LoginTest" tests="3" failures="0" timestamp="4 Apr 2017 19:27:47 GMT" time="90.852" errors="0">
  <testcase name="verify_InvalidPassword" time="15.637" classname="com.vh.ui.tests.LoginTest"/>
  <testcase name="verify_InvalidUserName" time="24.129" classname="com.vh.ui.tests.LoginTest"/>
  <testcase name="verify_SuccessfulLogin" time="51.086" classname="com.vh.ui.tests.LoginTest"/>
</testsuite> <!-- com.vh.ui.tests.LoginTest -->
