<?xml version="1.0" encoding="UTF-8"?>
<!-- Generated by org.testng.reporters.JUnitReportReporter -->
<testsuite hostname="DVA-F0L9N9R-L" name="com.vh.ui.tests.MedicalEquipmentTest" tests="1" failures="0" timestamp="16 May 2017 19:45:56 GMT" time="0.480" errors="0">
  <testcase name="verify_MedicalEquipmentPageDisplayed" time="0.480" classname="com.vh.ui.tests.MedicalEquipmentTest"/>
</testsuite> <!-- com.vh.ui.tests.MedicalEquipmentTest -->
