<?xml version="1.0" encoding="UTF-8"?>
<!-- Generated by org.testng.reporters.JUnitReportReporter -->
<testsuite hostname="DVA-F0L9N9R-L" name="com.vh.ui.tests.CurrentLabsTest" tests="2" failures="0" timestamp="21 Jun 2017 17:35:18 GMT" time="16.336" errors="0">
  <testcase name="verify_AddAddLabResultsPopup" time="15.472" classname="com.vh.ui.tests.CurrentLabsTest"/>
  <testcase name="verify_CurrentLabsPage" time="0.864" classname="com.vh.ui.tests.CurrentLabsTest"/>
</testsuite> <!-- com.vh.ui.tests.CurrentLabsTest -->
