<?xml version="1.0" encoding="UTF-8"?>
<!-- Generated by org.testng.reporters.JUnitReportReporter -->
<testsuite hostname="DVA-F0L9N9R-L" name="com.vh.ui.tests.CurrentLabsTest" tests="2" failures="0" timestamp="21 Jun 2017 14:24:10 GMT" time="14.534" errors="0">
  <testcase name="verify_CurrentLabsPage" time="0.740" classname="com.vh.ui.tests.CurrentLabsTest"/>
  <testcase name="verify_AddAddLabResultsPopup" time="13.794" classname="com.vh.ui.tests.CurrentLabsTest"/>
</testsuite> <!-- com.vh.ui.tests.CurrentLabsTest -->
