<?xml version="1.0" encoding="UTF-8"?>
<!-- Generated by org.testng.reporters.JUnitReportReporter -->
<testsuite hostname="WINDOWS-QR0QHM0" name="com.vh.ui.tests.UnitTest" tests="4" failures="0" timestamp="25 Jan 2017 21:36:38 GMT" time="0.362" errors="0">
  <testcase name="excelReadTest" time="0.023" classname="com.vh.ui.tests.UnitTest"/>
  <testcase name="excelReadTest" time="0.007" classname="com.vh.ui.tests.UnitTest"/>
  <testcase name="createNewPatient" time="0.328" classname="com.vh.ui.tests.UnitTest"/>
  <testcase name="excelReadTest" time="0.004" classname="com.vh.ui.tests.UnitTest"/>
</testsuite> <!-- com.vh.ui.tests.UnitTest -->
