<?xml version="1.0" encoding="UTF-8"?>
<!-- Generated by org.testng.reporters.JUnitReportReporter -->
<testsuite hostname="WINDOWS-QR0QHM0" name="com.vh.ui.tests.LoginTest" tests="1" failures="0" timestamp="13 Jan 2017 13:33:43 GMT" time="67.622" errors="0">
  <testcase name="verify_SuccessfulLogin" time="67.622" classname="com.vh.ui.tests.LoginTest"/>
</testsuite> <!-- com.vh.ui.tests.LoginTest -->
