<?xml version="1.0" encoding="UTF-8"?>
<!-- Generated by org.testng.reporters.JUnitReportReporter -->
<testsuite hostname="DVA-F0L9N9R-L" name="com.vh.ui.tests.CurrentLabsTest" tests="2" failures="0" timestamp="12 Jul 2017 16:26:44 GMT" time="141.102" errors="0">
  <testcase name="verify_AddingLabs" time="54.922" classname="com.vh.ui.tests.CurrentLabsTest"/>
  <testcase name="verify_AddingLabs" time="86.180" classname="com.vh.ui.tests.CurrentLabsTest"/>
</testsuite> <!-- com.vh.ui.tests.CurrentLabsTest -->
