<?xml version="1.0" encoding="UTF-8"?>
<!-- Generated by org.testng.reporters.JUnitReportReporter -->
<testsuite hostname="DVA-F0L9N9R-L" name="com.vh.ui.tests.CurrentLabsTest" tests="3" failures="0" timestamp="11 Jul 2017 18:03:19 GMT" time="28.110" errors="0">
  <testcase name="verify_AddingLabs" time="25.145" classname="com.vh.ui.tests.CurrentLabsTest"/>
  <testcase name="verify_AddingLabs" time="0.867" classname="com.vh.ui.tests.CurrentLabsTest"/>
  <testcase name="verify_CurrentLabsPage" time="2.098" classname="com.vh.ui.tests.CurrentLabsTest"/>
</testsuite> <!-- com.vh.ui.tests.CurrentLabsTest -->
