<?xml version="1.0" encoding="UTF-8"?>
<!-- Generated by org.testng.reporters.JUnitReportReporter -->
<testsuite hostname="WINDOWS-QR0QHM0" name="com.vh.ui.tests.CreateNewPatientTest" tests="1" failures="0" timestamp="19 Jan 2017 21:00:08 GMT" time="286.089" errors="0">
  <testcase name="createNewPatient" time="286.089" classname="com.vh.ui.tests.CreateNewPatientTest"/>
</testsuite> <!-- com.vh.ui.tests.CreateNewPatientTest -->
