<?xml version="1.0" encoding="UTF-8"?>
<!-- Generated by org.testng.reporters.JUnitReportReporter -->
<testsuite hostname="WINDOWS-QR0QHM0" name="com.vh.api.user.steps.SampleTest" tests="1" failures="0" timestamp="21 Nov 2016 04:16:30 GMT" time="12.858" errors="0">
  <testcase name="validateAllApiCalls" time="12.858" classname="com.vh.api.user.steps.SampleTest"/>
</testsuite> <!-- com.vh.api.user.steps.SampleTest -->
