<?xml version="1.0" encoding="UTF-8"?>
<!-- Generated by org.testng.reporters.JUnitReportReporter -->
<testsuite hostname="WINDOWS-QR0QHM0" name="com.vh.api.test.UnitTest" tests="1" failures="0" timestamp="5 Jan 2017 17:24:11 GMT" time="0.085" errors="0">
  <testcase name="apiUnitTest" time="0.085" classname="com.vh.api.test.UnitTest"/>
</testsuite> <!-- com.vh.api.test.UnitTest -->
