<?xml version="1.0" encoding="UTF-8"?>
<!-- Generated by org.testng.reporters.JUnitReportReporter -->
<testsuite hostname="WINDOWS-QR0QHM0" name="com.vh.api.test.PatientAPITest" tests="1" failures="0" timestamp="20 Nov 2016 21:41:48 GMT" time="0.586" errors="0">
  <testcase name="GetPtContactsTest" time="0.586" classname="com.vh.api.test.PatientAPITest"/>
</testsuite> <!-- com.vh.api.test.PatientAPITest -->
