<?xml version="1.0" encoding="UTF-8"?>
<!-- Generated by org.testng.reporters.JUnitReportReporter -->
<testsuite hostname="WINDOWS-QR0QHM0" name="com.vh.api.test.APITest" tests="1" failures="0" timestamp="11 Jan 2017 22:06:02 GMT" time="15.316" errors="0">
  <testcase name="validateAllApiCalls" time="15.316" classname="com.vh.api.test.APITest"/>
</testsuite> <!-- com.vh.api.test.APITest -->
