<?xml version="1.0" encoding="UTF-8"?>
<!-- Generated by org.testng.reporters.JUnitReportReporter -->
<testsuite hostname="WINDOWS-QR0QHM0" name="com.vh.api.test.APITest" tests="1" failures="0" timestamp="23 Jan 2017 20:28:19 GMT" time="4.949" errors="0">
  <testcase name="validateAllApiCalls" time="4.949" classname="com.vh.api.test.APITest"/>
</testsuite> <!-- com.vh.api.test.APITest -->
