<?xml version="1.0" encoding="UTF-8"?>
<!-- Generated by org.testng.reporters.JUnitReportReporter -->
<testsuite hostname="WINDOWS-QR0QHM0" name="com.vh.api.test.DemographicsAPITest" tests="6" failures="0" timestamp="20 Nov 2016 21:41:48 GMT" time="35.885" errors="0">
  <testcase name="GetPatientDetailsTest" time="28.831" classname="com.vh.api.test.DemographicsAPITest"/>
  <testcase name="GetPatientDetailsTest" time="0.697" classname="com.vh.api.test.DemographicsAPITest"/>
  <testcase name="GetPatientDetailsTest" time="0.747" classname="com.vh.api.test.DemographicsAPITest"/>
  <testcase name="GetPatientDetailsTest" time="0.751" classname="com.vh.api.test.DemographicsAPITest"/>
  <testcase name="GetPatientDetailsTest" time="1.084" classname="com.vh.api.test.DemographicsAPITest"/>
  <testcase name="GetPatientDetailsTest" time="3.775" classname="com.vh.api.test.DemographicsAPITest"/>
</testsuite> <!-- com.vh.api.test.DemographicsAPITest -->
