<?xml version="1.0" encoding="UTF-8"?>
<!-- Generated by org.testng.reporters.JUnitReportReporter -->
<testsuite hostname="WINDOWS-QR0QHM0" name="com.vh.api.user.steps.AnotherTest" tests="3" failures="0" timestamp="21 Nov 2016 03:22:01 GMT" time="12.850" errors="0">
  <testcase name="getTestData" time="1.414" classname="com.vh.api.user.steps.AnotherTest"/>
  <testcase name="verifyPost" time="11.363" classname="com.vh.api.user.steps.AnotherTest"/>
  <testcase name="getAuthValue" time="0.073" classname="com.vh.api.user.steps.AnotherTest"/>
</testsuite> <!-- com.vh.api.user.steps.AnotherTest -->
