<?xml version="1.0" encoding="UTF-8"?>
<!-- Generated by org.testng.reporters.JUnitReportReporter -->
<testsuite hostname="WINDOWS-QR0QHM0" name="com.vh.api.test.CKDTest" tests="2" failures="0" timestamp="11 Jan 2017 22:18:29 GMT" time="17.018" errors="0">
  <testcase name="getTermDetails" time="16.332" classname="com.vh.api.test.CKDTest"/>
  <testcase name="getTermDetails" time="0.686" classname="com.vh.api.test.CKDTest"/>
</testsuite> <!-- com.vh.api.test.CKDTest -->
